# JRE version: OpenJDK Runtime Environment Temurin-17.0.10+7 (17.0.10+7) (build 17.0.10+7)
# Java VM: OpenJDK 64-Bit Server VM Temurin-17.0.10+7 (17.0.10+7, mixed mode, emulated-client, tiered, compressed oops, compressed class ptrs, g1 gc, windows-amd64)
GC Precious Log:
 CPUs: 8 total, 8 available
 Memory: 16334M
 Large Page Support: Disabled
 NUMA Support: Disabled
 Compressed Oops: Enabled (32-bit)
 Heap Region Size: 1M
 Heap Min Capacity: 8M
 Heap Initial Capacity: 256M
 Heap Max Capacity: 1G
 Pre-touch: Disabled
 Parallel Workers: 8
 Concurrent Workers: 2
 Concurrent Refinement Workers: 8
 Periodic GC: Disabled
Heap:
 garbage-first heap   total 78848K, used 26509K [0x00000000c0000000, 0x0000000100000000)
  region size 1024K, 1 young (1024K), 0 survivors (0K)
 Metaspace       used 47766K, committed 48448K, reserved 1114112K
  class space    used 6149K, committed 6400K, reserved 1048576K
GC Heap History (20 events):
Event: 785.773 GC heap before
{Heap before GC invocations=76 (full 66):
 garbage-first heap   total 78848K, used 26509K [0x00000000c0000000, 0x0000000100000000)
  region size 1024K, 1 young (1024K), 0 survivors (0K)
 Metaspace       used 47766K, committed 48448K, reserved 1114112K
  class space    used 6149K, committed 6400K, reserved 1048576K
}
Event: 785.795 GC heap after
{Heap after GC invocations=77 (full 67):
 garbage-first heap   total 78848K, used 26509K [0x00000000c0000000, 0x0000000100000000)
  region size 1024K, 0 young (0K), 0 survivors (0K)
 Metaspace       used 47766K, committed 48448K, reserved 1114112K
  class space    used 6149K, committed 6400K, reserved 1048576K
}
Event: 795.952 GC heap before
{Heap before GC invocations=77 (full 67):
 garbage-first heap   total 78848K, used 26509K [0x00000000c0000000, 0x0000000100000000)
  region size 1024K, 1 young (1024K), 0 survivors (0K)
 Metaspace       used 47766K, committed 48448K, reserved 1114112K
  class space    used 6149K, committed 6400K, reserved 1048576K
}
Event: 795.974 GC heap after
{Heap after GC invocations=78 (full 68):
 garbage-first heap   total 78848K, used 26509K [0x00000000c0000000, 0x0000000100000000)
  region size 1024K, 0 young (0K), 0 survivors (0K)
 Metaspace       used 47766K, committed 48448K, reserved 1114112K
  class space    used 6149K, committed 6400K, reserved 1048576K
}
Event: 806.100 GC heap before
{Heap before GC invocations=78 (full 68):
 garbage-first heap   total 78848K, used 26509K [0x00000000c0000000, 0x0000000100000000)
  region size 1024K, 1 young (1024K), 0 survivors (0K)
 Metaspace       used 47766K, committed 48448K, reserved 1114112K
  class space    used 6149K, committed 6400K, reserved 1048576K
}
Event: 806.119 GC heap after
{Heap after GC invocations=79 (full 69):
 garbage-first heap   total 78848K, used 26509K [0x00000000c0000000, 0x0000000100000000)
  region size 1024K, 0 young (0K), 0 survivors (0K)
 Metaspace       used 47766K, committed 48448K, reserved 1114112K
  class space    used 6149K, committed 6400K, reserved 1048576K
}
Event: 816.248 GC heap before
{Heap before GC invocations=79 (full 69):
 garbage-first heap   total 78848K, used 26509K [0x00000000c0000000, 0x0000000100000000)
  region size 1024K, 1 young (1024K), 0 survivors (0K)
 Metaspace       used 47766K, committed 48448K, reserved 1114112K
  class space    used 6149K, committed 6400K, reserved 1048576K
}
Event: 816.267 GC heap after
{Heap after GC invocations=80 (full 70):
 garbage-first heap   total 78848K, used 26509K [0x00000000c0000000, 0x0000000100000000)
  region size 1024K, 0 young (0K), 0 survivors (0K)
 Metaspace       used 47766K, committed 48448K, reserved 1114112K
  class space    used 6149K, committed 6400K, reserved 1048576K
}
Event: 826.396 GC heap before
{Heap before GC invocations=80 (full 70):
 garbage-first heap   total 78848K, used 26509K [0x00000000c0000000, 0x0000000100000000)
  region size 1024K, 1 young (1024K), 0 survivors (0K)
 Metaspace       used 47766K, committed 48448K, reserved 1114112K
  class space    used 6149K, committed 6400K, reserved 1048576K
}
Event: 826.414 GC heap after
{Heap after GC invocations=81 (full 71):
 garbage-first heap   total 78848K, used 26509K [0x00000000c0000000, 0x0000000100000000)
  region size 1024K, 0 young (0K), 0 survivors (0K)
 Metaspace       used 47766K, committed 48448K, reserved 1114112K
  class space    used 6149K, committed 6400K, reserved 1048576K
}
Event: 836.542 GC heap before
{Heap before GC invocations=81 (full 71):
 garbage-first heap   total 78848K, used 26509K [0x00000000c0000000, 0x0000000100000000)
  region size 1024K, 1 young (1024K), 0 survivors (0K)
 Metaspace       used 47766K, committed 48448K, reserved 1114112K
  class space    used 6149K, committed 6400K, reserved 1048576K
}
Event: 836.558 GC heap after
{Heap after GC invocations=82 (full 72):
 garbage-first heap   total 78848K, used 26509K [0x00000000c0000000, 0x0000000100000000)
  region size 1024K, 0 young (0K), 0 survivors (0K)
 Metaspace       used 47766K, committed 48448K, reserved 1114112K
  class space    used 6149K, committed 6400K, reserved 1048576K
}
Event: 846.671 GC heap before
{Heap before GC invocations=82 (full 72):
 garbage-first heap   total 78848K, used 26509K [0x00000000c0000000, 0x0000000100000000)
  region size 1024K, 1 young (1024K), 0 survivors (0K)
 Metaspace       used 47766K, committed 48448K, reserved 1114112K
  class space    used 6149K, committed 6400K, reserved 1048576K
}
Event: 846.686 GC heap after
{Heap after GC invocations=83 (full 73):
 garbage-first heap   total 78848K, used 26509K [0x00000000c0000000, 0x0000000100000000)
  region size 1024K, 0 young (0K), 0 survivors (0K)
 Metaspace       used 47766K, committed 48448K, reserved 1114112K
  class space    used 6149K, committed 6400K, reserved 1048576K
}
Event: 856.832 GC heap before
{Heap before GC invocations=83 (full 73):
 garbage-first heap   total 78848K, used 26509K [0x00000000c0000000, 0x0000000100000000)
  region size 1024K, 1 young (1024K), 0 survivors (0K)
 Metaspace       used 47766K, committed 48448K, reserved 1114112K
  class space    used 6149K, committed 6400K, reserved 1048576K
}
Event: 856.853 GC heap after
{Heap after GC invocations=84 (full 74):
 garbage-first heap   total 78848K, used 26509K [0x00000000c0000000, 0x0000000100000000)
  region size 1024K, 0 young (0K), 0 survivors (0K)
 Metaspace       used 47766K, committed 48448K, reserved 1114112K
  class space    used 6149K, committed 6400K, reserved 1048576K
}
Event: 867.181 GC heap before
{Heap before GC invocations=84 (full 74):
 garbage-first heap   total 78848K, used 26509K [0x00000000c0000000, 0x0000000100000000)
  region size 1024K, 1 young (1024K), 0 survivors (0K)
 Metaspace       used 47766K, committed 48448K, reserved 1114112K
  class space    used 6149K, committed 6400K, reserved 1048576K
}
Event: 867.203 GC heap after
{Heap after GC invocations=85 (full 75):
 garbage-first heap   total 78848K, used 26509K [0x00000000c0000000, 0x0000000100000000)
  region size 1024K, 0 young (0K), 0 survivors (0K)
 Metaspace       used 47766K, committed 48448K, reserved 1114112K
  class space    used 6149K, committed 6400K, reserved 1048576K
}
Event: 877.429 GC heap before
{Heap before GC invocations=85 (full 75):
 garbage-first heap   total 78848K, used 26509K [0x00000000c0000000, 0x0000000100000000)
  region size 1024K, 1 young (1024K), 0 survivors (0K)
 Metaspace       used 47766K, committed 48448K, reserved 1114112K
  class space    used 6149K, committed 6400K, reserved 1048576K
}
Event: 877.452 GC heap after
{Heap after GC invocations=86 (full 76):
 garbage-first heap   total 78848K, used 26509K [0x00000000c0000000, 0x0000000100000000)
  region size 1024K, 0 young (0K), 0 survivors (0K)
 Metaspace       used 47766K, committed 48448K, reserved 1114112K
  class space    used 6149K, committed 6400K, reserved 1048576K
}

